<?xml version="1.0" encoding="UTF-8"?>
<!-- Generated by org.testng.reporters.JUnitXMLReporter -->
<testsuite hostname="SupriyaPC" name="SmartPin Regression Tests" tests="7" failures="2" timestamp="12 Nov 2015 18:21:52 GMT" time="1028.009" errors="0">
  <testcase name="testRegisterNewUser" time="1002.118" classname="com.gurukula.tests.RegistrationTest">
    <failure type="org.openqa.selenium.TimeoutException" message="Timed out after 1000 seconds waiting for element to be clickable: By.xpath: html/body/div[3]/div[1]/div/div/div/form/div[1]/div/p[1]
Build info: version: &amp;apos;2.48.2&amp;apos;, revision: &amp;apos;41bccdd10cf2c0560f637404c2d96164b67d9d67&amp;apos;, time: &amp;apos;2015-10-09 13:08:06&amp;apos;
System info: host: &amp;apos;SupriyaPC&amp;apos;, ip: &amp;apos;192.168.1.67&amp;apos;, os.name: &amp;apos;Windows 8.1&amp;apos;, os.arch: &amp;apos;amd64&amp;apos;, os.version: &amp;apos;6.3&amp;apos;, java.version: &amp;apos;1.8.0_25&amp;apos;
Driver info: org.openqa.selenium.firefox.FirefoxDriver
Capabilities [{applicationCacheEnabled=true, rotatable=false, handlesAlerts=true, databaseEnabled=true, version=42.0, platform=WINDOWS, nativeEvents=false, acceptSslCerts=true, webStorageEnabled=true, locationContextEnabled=true, browserName=firefox, takesScreenshot=true, javascriptEnabled=true, cssSelectorsEnabled=true}]
Session ID: 6a84c16a-85a1-4cb7-a6c6-831764515e66">
      <![CDATA[org.openqa.selenium.TimeoutException: Timed out after 1000 seconds waiting for element to be clickable: By.xpath: html/body/div[3]/div[1]/div/div/div/form/div[1]/div/p[1]
Build info: version: '2.48.2', revision: '41bccdd10cf2c0560f637404c2d96164b67d9d67', time: '2015-10-09 13:08:06'
System info: host: 'SupriyaPC', ip: '192.168.1.67', os.name: 'Windows 8.1', os.arch: 'amd64', os.version: '6.3', java.version: '1.8.0_25'
Driver info: org.openqa.selenium.firefox.FirefoxDriver
Capabilities [{applicationCacheEnabled=true, rotatable=false, handlesAlerts=true, databaseEnabled=true, version=42.0, platform=WINDOWS, nativeEvents=false, acceptSslCerts=true, webStorageEnabled=true, locationContextEnabled=true, browserName=firefox, takesScreenshot=true, javascriptEnabled=true, cssSelectorsEnabled=true}]
Session ID: 6a84c16a-85a1-4cb7-a6c6-831764515e66
	at org.openqa.selenium.support.ui.WebDriverWait.timeoutException(WebDriverWait.java:80)
	at org.openqa.selenium.support.ui.FluentWait.until(FluentWait.java:261)
	at com.gurukula.structure.BasePage.waitUntilElementIsVisible(BasePage.java:38)
	at com.gurukula.structure.BasePage.isElementVisible(BasePage.java:21)
	at com.gurukula.structure.RegistrationPage.isLoginRequiredMessageShown(RegistrationPage.java:64)
	at com.gurukula.tests.RegistrationTest.testRegisterNewUser(RegistrationTest.java:45)
... Removed 24 stack frames]]>
    </failure>
  </testcase> <!-- testRegisterNewUser -->
  <testcase name="testRegisterNewUser" time="5.235" classname="com.gurukula.tests.RegistrationTest"/>
  <testcase name="testRegisterNewUser" time="3.589" classname="com.gurukula.tests.RegistrationTest"/>
  <testcase name="testRegisterNewUser" time="3.217" classname="com.gurukula.tests.RegistrationTest"/>
  <testcase name="testRegisterNewUser" time="4.788" classname="com.gurukula.tests.RegistrationTest"/>
  <testcase name="testRegisterNewUser" time="4.531" classname="com.gurukula.tests.RegistrationTest"/>
  <testcase name="testRegisterNewUser" time="4.477" classname="com.gurukula.tests.RegistrationTest">
    <failure type="junit.framework.AssertionFailedError">
      <![CDATA[junit.framework.AssertionFailedError
	at junit.framework.Assert.fail(Assert.java:47)
	at junit.framework.Assert.assertTrue(Assert.java:20)
	at junit.framework.Assert.assertFalse(Assert.java:34)
	at junit.framework.Assert.assertFalse(Assert.java:41)
	at com.gurukula.tests.RegistrationTest.testRegisterNewUser(RegistrationTest.java:58)
... Removed 24 stack frames]]>
    </failure>
  </testcase> <!-- testRegisterNewUser -->
</testsuite> <!-- SmartPin Regression Tests -->
